TN:
SF:/Users/cliffano/dev/workspace/nestor-ninjablocks/lib/cli.js
FN:6,_run
FN:19,(anonymous_2)
FN:33,exec
FNF:3
FNH:3
FNDA:3,_run
FNDA:3,(anonymous_2)
FNDA:4,exec
DA:1,1
DA:2,1
DA:3,1
DA:4,1
DA:6,1
DA:8,3
DA:12,3
DA:18,3
DA:19,3
DA:20,3
DA:21,1
DA:22,1
DA:24,2
DA:25,2
DA:33,1
DA:35,4
DA:41,4
DA:44,1
LF:18
LH:18
BRDA:9,1,0,1
BRDA:9,1,1,2
BRDA:20,2,0,1
BRDA:20,2,1,2
BRF:4
BRH:4
end_of_record
TN:
SF:/Users/cliffano/dev/workspace/nestor-ninjablocks/lib/nestorninjablocks.js
FN:11,NestorNinjaBlocks
FN:28,(anonymous_2)
FN:34,(anonymous_3)
FN:40,(anonymous_4)
FNF:4
FNH:4
FNDA:8,NestorNinjaBlocks
FNDA:4,(anonymous_2)
FNDA:4,(anonymous_3)
FNDA:2,(anonymous_4)
DA:1,1
DA:2,1
DA:11,1
DA:12,8
DA:13,8
DA:15,8
DA:20,8
DA:28,1
DA:29,4
DA:31,4
DA:33,4
DA:34,4
DA:35,4
DA:38,1
DA:39,3
DA:40,2
DA:41,2
DA:42,2
DA:45,1
DA:50,1
LF:20
LH:20
BRDA:20,1,0,8
BRDA:20,1,1,6
BRDA:31,2,0,4
BRDA:31,2,1,1
BRDA:35,3,0,1
BRDA:35,3,1,3
BRDA:39,4,0,2
BRDA:39,4,1,1
BRF:8
BRH:8
end_of_record
